build/outputs/logs/manifest-merger-debug-report.txt
-- Merging decision tree log ---
manifest
ADDED from AndroidManifest.xml:2:1
	package
		ADDED from AndroidManifest.xml:4:11
	android:versionName
		ADDED from AndroidManifest.xml:6:7
	xmlns:tools
		ADDED from AndroidManifest.xml:3:11
	android:versionCode
		ADDED from AndroidManifest.xml:5:7
		INJECTED from AndroidManifest.xml:0:0
		INJECTED from AndroidManifest.xml:0:0
	xmlns:android
		ADDED from AndroidManifest.xml:2:11
uses-sdk
ADDED from AndroidManifest.xml:8:5
MERGED from me.leolin:ShortcutBadger:1.1.0-WS1:5:5
MERGED from se.emilsjolander:stickylistheaders:2.7.0:7:5
MERGED from com.google.android.gms:play-services-base:6.5.87:18:5
MERGED from com.android.support:support-v4:22.1.1:20:5
MERGED from com.jpardogo.materialtabstrip:library:1.0.9:5:5
MERGED from com.android.support:support-v4:22.1.1:20:5
MERGED from com.github.chrisbanes.photoview:library:1.2.3:2:5
MERGED from com.android.support:support-v4:22.1.1:20:5
MERGED from com.makeramen:roundedimageview:2.1.0:7:5
MERGED from com.pnikosis:materialish-progress:1.5:7:5
MERGED from com.android.support:appcompat-v7:22.1.1:20:5
MERGED from com.android.support:support-v4:22.1.1:20:5
MERGED from com.afollestad:material-dialogs:0.7.3.1:8:5
MERGED from com.android.support:support-v4:22.1.1:20:5
MERGED from pl.tajchert:waitingdots:0.1.0:7:5
MERGED from com.android.support:appcompat-v7:22.1.1:20:5
MERGED from com.android.support:support-v4:22.1.1:20:5
MERGED from com.soundcloud.android:android-crop:0.9.10:5:5
MERGED from com.android.support:appcompat-v7:22.1.1:20:5
MERGED from com.android.support:support-v4:22.1.1:20:5
MERGED from com.android.support:recyclerview-v7:21.0.3:15:5
MERGED from com.android.support:support-v4:22.1.1:20:5
MERGED from com.melnykov:floatingactionbutton:1.1.0:8:5
MERGED from com.android.support:recyclerview-v7:21.0.3:15:5
MERGED from com.android.support:support-v4:22.1.1:20:5
MERGED from com.android.support:support-v4-preferencefragment:1.0.0:15:5
MERGED from com.android.support:gridlayout-v7:22.2.0:20:5
MERGED from com.doomonafireball.betterpickers:library:1.5.3:8:5
MERGED from com.commonsware.cwac:camera:0.6.12:7:5
MERGED from org.whispersystems:jobmanager:0.11.0:7:5
MERGED from org.whispersystems:libpastelog:1.0.6:23:5
MERGED from com.android.support:support-v4:22.1.1:20:5
MERGED from com.amulyakhare:com.amulyakhare.textdrawable:1.0.1:8:5
MERGED from org.whispersystems:textsecure-android:1.6.2:7:5
MERGED from com.h6ah4i.android.compat:mulsellistprefcompat:1.0.0:7:5
	tools:overrideLibrary
		ADDED from AndroidManifest.xml:8:15
	android:targetSdkVersion
		INJECTED from AndroidManifest.xml:0:0
		INJECTED from AndroidManifest.xml:0:0
	android:minSdkVersion
		INJECTED from AndroidManifest.xml:0:0
		INJECTED from AndroidManifest.xml:0:0
permission#org.thoughtcrime.securesms.ACCESS_SECRETS
ADDED from AndroidManifest.xml:10:5
	android:label
		ADDED from AndroidManifest.xml:11:17
	android:protectionLevel
		ADDED from AndroidManifest.xml:12:17
	android:name
		ADDED from AndroidManifest.xml:10:17
uses-feature#android.hardware.camera
ADDED from AndroidManifest.xml:14:5
	android:required
		ADDED from AndroidManifest.xml:14:58
	android:name
		ADDED from AndroidManifest.xml:14:19
uses-feature#android.hardware.bluetooth
ADDED from AndroidManifest.xml:15:5
	android:required
		ADDED from AndroidManifest.xml:15:61
	android:name
		ADDED from AndroidManifest.xml:15:19
uses-feature#android.hardware.location
ADDED from AndroidManifest.xml:16:5
	android:required
		ADDED from AndroidManifest.xml:16:60
	android:name
		ADDED from AndroidManifest.xml:16:19
uses-feature#android.hardware.location.network
ADDED from AndroidManifest.xml:17:5
	android:required
		ADDED from AndroidManifest.xml:17:68
	android:name
		ADDED from AndroidManifest.xml:17:19
uses-feature#android.hardware.location.gps
ADDED from AndroidManifest.xml:18:5
	android:required
		ADDED from AndroidManifest.xml:18:64
	android:name
		ADDED from AndroidManifest.xml:18:19
uses-feature#android.hardware.microphone
ADDED from AndroidManifest.xml:19:5
	android:required
		ADDED from AndroidManifest.xml:19:62
	android:name
		ADDED from AndroidManifest.xml:19:19
uses-feature#android.hardware.wifi
ADDED from AndroidManifest.xml:20:5
	android:required
		ADDED from AndroidManifest.xml:20:56
	android:name
		ADDED from AndroidManifest.xml:20:19
uses-permission#org.thoughtcrime.securesms.ACCESS_SECRETS
ADDED from AndroidManifest.xml:22:5
	android:name
		ADDED from AndroidManifest.xml:22:22
uses-permission#android.permission.READ_PROFILE
ADDED from AndroidManifest.xml:23:5
	android:name
		ADDED from AndroidManifest.xml:23:22
uses-permission#android.permission.WRITE_PROFILE
ADDED from AndroidManifest.xml:24:5
	android:name
		ADDED from AndroidManifest.xml:24:22
uses-permission#android.permission.BROADCAST_WAP_PUSH
ADDED from AndroidManifest.xml:25:5
	tools:ignore
		ADDED from AndroidManifest.xml:26:22
	android:name
		ADDED from AndroidManifest.xml:25:22
uses-permission#android.permission.READ_CONTACTS
ADDED from AndroidManifest.xml:27:5
	android:name
		ADDED from AndroidManifest.xml:27:22
uses-permission#android.permission.WRITE_CONTACTS
ADDED from AndroidManifest.xml:28:5
	android:name
		ADDED from AndroidManifest.xml:28:22
uses-permission#android.permission.RECEIVE_BOOT_COMPLETED
ADDED from AndroidManifest.xml:29:5
	android:name
		ADDED from AndroidManifest.xml:29:22
uses-permission#android.permission.RECEIVE_SMS
ADDED from AndroidManifest.xml:30:5
	android:name
		ADDED from AndroidManifest.xml:30:22
uses-permission#android.permission.RECEIVE_MMS
ADDED from AndroidManifest.xml:31:5
	android:name
		ADDED from AndroidManifest.xml:31:22
uses-permission#android.permission.READ_SMS
ADDED from AndroidManifest.xml:32:5
	android:name
		ADDED from AndroidManifest.xml:32:22
uses-permission#android.permission.SEND_SMS
ADDED from AndroidManifest.xml:33:5
	android:name
		ADDED from AndroidManifest.xml:33:22
uses-permission#android.permission.WRITE_SMS
ADDED from AndroidManifest.xml:34:5
	android:name
		ADDED from AndroidManifest.xml:34:22
uses-permission#android.permission.VIBRATE
ADDED from AndroidManifest.xml:35:5
	android:name
		ADDED from AndroidManifest.xml:35:22
uses-permission#android.permission.ACCESS_NETWORK_STATE
ADDED from AndroidManifest.xml:36:5
	android:name
		ADDED from AndroidManifest.xml:36:22
uses-permission#android.permission.CHANGE_NETWORK_STATE
ADDED from AndroidManifest.xml:37:5
	android:name
		ADDED from AndroidManifest.xml:37:22
uses-permission#android.permission.READ_PHONE_STATE
ADDED from AndroidManifest.xml:38:5
	android:name
		ADDED from AndroidManifest.xml:38:22
uses-permission#android.permission.WAKE_LOCK
ADDED from AndroidManifest.xml:39:5
MERGED from org.whispersystems:jobmanager:0.11.0:11:5
	android:name
		ADDED from AndroidManifest.xml:39:22
uses-permission#android.permission.INTERNET
ADDED from AndroidManifest.xml:40:5
	android:name
		ADDED from AndroidManifest.xml:40:22
uses-permission#android.permission.WRITE_EXTERNAL_STORAGE
ADDED from AndroidManifest.xml:41:5
	android:name
		ADDED from AndroidManifest.xml:41:22
uses-permission#android.permission.READ_CALL_LOG
ADDED from AndroidManifest.xml:42:5
	android:name
		ADDED from AndroidManifest.xml:42:22
uses-permission#android.permission.GET_ACCOUNTS
ADDED from AndroidManifest.xml:43:5
	android:name
		ADDED from AndroidManifest.xml:43:22
uses-permission#android.permission.CAMERA
ADDED from AndroidManifest.xml:44:5
	android:name
		ADDED from AndroidManifest.xml:44:22
uses-permission#com.google.android.c2dm.permission.RECEIVE
ADDED from AndroidManifest.xml:45:5
	android:name
		ADDED from AndroidManifest.xml:45:22
uses-permission#android.permission.ACCESS_COARSE_LOCATION
ADDED from AndroidManifest.xml:48:5
	android:name
		ADDED from AndroidManifest.xml:48:22
uses-permission#android.permission.ACCESS_FINE_LOCATION
ADDED from AndroidManifest.xml:49:5
	android:name
		ADDED from AndroidManifest.xml:49:22
uses-permission#android.permission.READ_SYNC_SETTINGS
ADDED from AndroidManifest.xml:52:5
	android:name
		ADDED from AndroidManifest.xml:52:22
uses-permission#android.permission.WRITE_SYNC_SETTINGS
ADDED from AndroidManifest.xml:53:5
	android:name
		ADDED from AndroidManifest.xml:53:22
uses-permission#android.permission.AUTHENTICATE_ACCOUNTS
ADDED from AndroidManifest.xml:54:5
	android:name
		ADDED from AndroidManifest.xml:54:22
uses-permission#android.permission.USE_CREDENTIALS
ADDED from AndroidManifest.xml:55:5
	android:name
		ADDED from AndroidManifest.xml:55:22
uses-permission#android.permission.INSTALL_SHORTCUT
ADDED from AndroidManifest.xml:58:5
	android:name
		ADDED from AndroidManifest.xml:58:22
uses-permission#android.permission.WRITE_CALENDAR
ADDED from AndroidManifest.xml:61:5
	android:name
		ADDED from AndroidManifest.xml:61:22
uses-permission#android.permission.READ_CALENDAR
ADDED from AndroidManifest.xml:62:5
	android:name
		ADDED from AndroidManifest.xml:62:22
uses-permission#android.permission.ACCESS_WIFI_STATE
ADDED from AndroidManifest.xml:65:5
	android:name
		ADDED from AndroidManifest.xml:65:22
uses-permission#android.permission.CHANGE_WIFI_STATE
ADDED from AndroidManifest.xml:66:5
	android:name
		ADDED from AndroidManifest.xml:66:22
uses-permission#android.permission.SET_WALLPAPER
ADDED from AndroidManifest.xml:69:5
	android:name
		ADDED from AndroidManifest.xml:69:22
uses-permission#android.permission.RECORD_AUDIO
ADDED from AndroidManifest.xml:72:5
	android:name
		ADDED from AndroidManifest.xml:72:22
uses-permission#android.permission.MODIFY_AUDIO_SETTINGS
ADDED from AndroidManifest.xml:73:5
	android:name
		ADDED from AndroidManifest.xml:73:22
uses-permission#android.permission.BLUETOOTH
ADDED from AndroidManifest.xml:74:5
	android:name
		ADDED from AndroidManifest.xml:74:22
uses-permission#android.permission.BROADCAST_STICKY
ADDED from AndroidManifest.xml:75:5
	android:name
		ADDED from AndroidManifest.xml:75:22
uses-permission#android.permission.MODIFY_PHONE_STATE
ADDED from AndroidManifest.xml:76:5
	android:name
		ADDED from AndroidManifest.xml:76:22
uses-permission#android.permission.PROCESS_OUTGOING_CALLS
ADDED from AndroidManifest.xml:77:5
	android:name
		ADDED from AndroidManifest.xml:77:22
uses-permission#android.permission.CALL_PHONE
ADDED from AndroidManifest.xml:78:5
	android:name
		ADDED from AndroidManifest.xml:78:22
uses-permission#android.permission.CALL_PRIVILEGED
ADDED from AndroidManifest.xml:79:5
	android:name
		ADDED from AndroidManifest.xml:79:22
uses-permission#android.permission.DISABLE_KEYGUARD
ADDED from AndroidManifest.xml:80:5
	android:name
		ADDED from AndroidManifest.xml:80:22
uses-permission#android.permission.RAISED_THREAD_PRIORITY
ADDED from AndroidManifest.xml:81:5
	android:name
		ADDED from AndroidManifest.xml:81:22
uses-permission#android.permission.READ_CALL_STATE
ADDED from AndroidManifest.xml:82:5
	android:name
		ADDED from AndroidManifest.xml:82:22
uses-permission#android.permission.READ_LOGS
ADDED from AndroidManifest.xml:83:5
	android:name
		ADDED from AndroidManifest.xml:83:22
uses-permission#android.permission.WRITE_CALL_LOG
ADDED from AndroidManifest.xml:84:5
	android:name
		ADDED from AndroidManifest.xml:84:22
permission#org.thoughtcrime.securesms.permission.C2D_MESSAGE
ADDED from AndroidManifest.xml:86:5
	android:protectionLevel
		ADDED from AndroidManifest.xml:87:17
	android:name
		ADDED from AndroidManifest.xml:86:17
uses-permission#org.thoughtcrime.securesms.permission.C2D_MESSAGE
ADDED from AndroidManifest.xml:88:5
	android:name
		ADDED from AndroidManifest.xml:88:22
application
ADDED from AndroidManifest.xml:90:5
MERGED from com.google.android.gms:play-services-base:6.5.87:20:5
MERGED from com.android.support:support-v4:22.1.1:22:5
MERGED from com.jpardogo.materialtabstrip:library:1.0.9:9:5
MERGED from com.android.support:support-v4:22.1.1:22:5
MERGED from com.github.chrisbanes.photoview:library:1.2.3:4:5
MERGED from com.android.support:support-v4:22.1.1:22:5
MERGED from com.pnikosis:materialish-progress:1.5:11:5
MERGED from com.android.support:appcompat-v7:22.1.1:22:5
MERGED from com.android.support:support-v4:22.1.1:22:5
MERGED from com.afollestad:material-dialogs:0.7.3.1:12:5
MERGED from com.android.support:support-v4:22.1.1:22:5
MERGED from pl.tajchert:waitingdots:0.1.0:11:5
MERGED from com.android.support:appcompat-v7:22.1.1:22:5
MERGED from com.android.support:support-v4:22.1.1:22:5
MERGED from com.soundcloud.android:android-crop:0.9.10:9:5
MERGED from com.android.support:appcompat-v7:22.1.1:22:5
MERGED from com.android.support:support-v4:22.1.1:22:5
MERGED from com.android.support:recyclerview-v7:21.0.3:17:5
MERGED from com.android.support:support-v4:22.1.1:22:5
MERGED from com.melnykov:floatingactionbutton:1.1.0:12:5
MERGED from com.android.support:recyclerview-v7:21.0.3:17:5
MERGED from com.android.support:support-v4:22.1.1:22:5
MERGED from com.android.support:gridlayout-v7:22.2.0:22:5
MERGED from com.commonsware.cwac:camera:0.6.12:11:5
MERGED from org.whispersystems:jobmanager:0.11.0:13:5
MERGED from org.whispersystems:libpastelog:1.0.6:27:5
MERGED from com.android.support:support-v4:22.1.1:22:5
MERGED from com.amulyakhare:com.amulyakhare.textdrawable:1.0.1:12:5
MERGED from org.whispersystems:textsecure-android:1.6.2:11:5
MERGED from org.whispersystems:curve25519-android:0.2.2:5:5
	android:label
		ADDED from AndroidManifest.xml:92:18
	android:hardwareAccelerated
		ADDED from com.github.chrisbanes.photoview:library:1.2.3:4:45
	android:icon
		ADDED from AndroidManifest.xml:91:18
	android:allowBackup
		ADDED from com.github.chrisbanes.photoview:library:1.2.3:4:18
	android:theme
		ADDED from AndroidManifest.xml:93:18
	android:name
		ADDED from AndroidManifest.xml:90:18
meta-data#com.google.android.gms.version
ADDED from AndroidManifest.xml:95:5
MERGED from com.google.android.gms:play-services-base:6.5.87:21:9
	android:value
		ADDED from AndroidManifest.xml:96:16
	android:name
		ADDED from AndroidManifest.xml:95:16
meta-data#org.thoughtcrime.securesms.mms.TextSecureGlideModule
ADDED from AndroidManifest.xml:98:5
	android:value
		ADDED from AndroidManifest.xml:99:16
	android:name
		ADDED from AndroidManifest.xml:98:16
activity#org.thoughtcrime.securesms.CountrySelectionActivity
ADDED from AndroidManifest.xml:101:5
	android:configChanges
		ADDED from AndroidManifest.xml:102:15
	android:name
		ADDED from AndroidManifest.xml:101:15
activity#org.thoughtcrime.securesms.ImportExportActivity
ADDED from AndroidManifest.xml:104:5
	android:configChanges
		ADDED from AndroidManifest.xml:105:15
	android:name
		ADDED from AndroidManifest.xml:104:15
activity#org.thoughtcrime.securesms.PromptMmsActivity
ADDED from AndroidManifest.xml:107:5
	android:label
		ADDED from AndroidManifest.xml:108:15
	android:windowSoftInputMode
		ADDED from AndroidManifest.xml:109:15
	android:configChanges
		ADDED from AndroidManifest.xml:110:15
	android:name
		ADDED from AndroidManifest.xml:107:15
activity#org.thoughtcrime.securesms.DeviceProvisioningActivity
ADDED from AndroidManifest.xml:112:5
	android:configChanges
		ADDED from AndroidManifest.xml:113:15
	android:name
		ADDED from AndroidManifest.xml:112:15
intent-filter#android.intent.action.VIEW+android.intent.category.BROWSABLE+android.intent.category.DEFAULT
ADDED from AndroidManifest.xml:114:9
action#android.intent.action.VIEW
ADDED from AndroidManifest.xml:115:13
	android:name
		ADDED from AndroidManifest.xml:115:21
category#android.intent.category.DEFAULT
ADDED from AndroidManifest.xml:116:13
	android:name
		ADDED from AndroidManifest.xml:116:23
category#android.intent.category.BROWSABLE
ADDED from AndroidManifest.xml:117:13
	android:name
		ADDED from AndroidManifest.xml:117:23
data
ADDED from AndroidManifest.xml:118:13
	android:scheme
		ADDED from AndroidManifest.xml:118:19
activity#org.thoughtcrime.securesms.preferences.MmsPreferencesActivity
ADDED from AndroidManifest.xml:122:5
	android:configChanges
		ADDED from AndroidManifest.xml:123:16
	android:name
		ADDED from AndroidManifest.xml:122:15
activity#org.thoughtcrime.securesms.ShareActivity
ADDED from AndroidManifest.xml:125:5
	android:excludeFromRecents
		ADDED from AndroidManifest.xml:126:15
	android:launchMode
		ADDED from AndroidManifest.xml:127:15
	android:noHistory
		ADDED from AndroidManifest.xml:128:15
	android:windowSoftInputMode
		ADDED from AndroidManifest.xml:129:15
	android:configChanges
		ADDED from AndroidManifest.xml:130:15
	android:name
		ADDED from AndroidManifest.xml:125:15
intent-filter#android.intent.action.SEND+android.intent.category.DEFAULT
ADDED from AndroidManifest.xml:132:9
action#android.intent.action.SEND
ADDED from AndroidManifest.xml:133:13
	android:name
		ADDED from AndroidManifest.xml:133:21
activity#org.thoughtcrime.securesms.ConversationListActivity
ADDED from AndroidManifest.xml:143:5
	android:label
		ADDED from AndroidManifest.xml:144:11
	android:launchMode
		ADDED from AndroidManifest.xml:145:11
	android:exported
		ADDED from AndroidManifest.xml:147:11
	android:configChanges
		ADDED from AndroidManifest.xml:146:11
	android:name
		ADDED from AndroidManifest.xml:143:15
activity-alias#org.thoughtcrime.securesms.RoutingActivity
ADDED from AndroidManifest.xml:149:5
	android:exported
		ADDED from AndroidManifest.xml:151:21
	android:targetActivity
		ADDED from AndroidManifest.xml:150:21
	android:name
		ADDED from AndroidManifest.xml:149:21
intent-filter#android.intent.action.MAIN+android.intent.category.LAUNCHER
ADDED from AndroidManifest.xml:153:9
action#android.intent.action.MAIN
ADDED from AndroidManifest.xml:154:13
	android:name
		ADDED from AndroidManifest.xml:154:21
category#android.intent.category.LAUNCHER
ADDED from AndroidManifest.xml:155:13
	android:name
		ADDED from AndroidManifest.xml:155:23
activity#org.thoughtcrime.securesms.ConversationActivity
ADDED from AndroidManifest.xml:162:5
	android:launchMode
		ADDED from AndroidManifest.xml:164:15
	android:windowSoftInputMode
		ADDED from AndroidManifest.xml:163:15
	android:configChanges
		ADDED from AndroidManifest.xml:165:15
	android:name
		ADDED from AndroidManifest.xml:162:15
activity#org.thoughtcrime.securesms.ConversationPopupActivity
ADDED from AndroidManifest.xml:167:5
	android:excludeFromRecents
		ADDED from AndroidManifest.xml:171:15
	android:launchMode
		ADDED from AndroidManifest.xml:169:15
	android:windowSoftInputMode
		ADDED from AndroidManifest.xml:168:15
	android:configChanges
		ADDED from AndroidManifest.xml:173:15
	android:theme
		ADDED from AndroidManifest.xml:172:15
	android:taskAffinity
		ADDED from AndroidManifest.xml:170:15
	android:name
		ADDED from AndroidManifest.xml:167:15
activity#org.thoughtcrime.securesms.MessageDetailsActivity
ADDED from AndroidManifest.xml:175:5
	android:label
		ADDED from AndroidManifest.xml:176:15
	android:launchMode
		ADDED from AndroidManifest.xml:178:15
	android:windowSoftInputMode
		ADDED from AndroidManifest.xml:177:15
	android:configChanges
		ADDED from AndroidManifest.xml:179:15
	android:name
		ADDED from AndroidManifest.xml:175:15
activity#org.thoughtcrime.securesms.GroupCreateActivity
ADDED from AndroidManifest.xml:181:5
	android:windowSoftInputMode
		ADDED from AndroidManifest.xml:182:11
	android:configChanges
		ADDED from AndroidManifest.xml:183:11
	android:name
		ADDED from AndroidManifest.xml:181:15
activity#org.thoughtcrime.securesms.DatabaseMigrationActivity
ADDED from AndroidManifest.xml:185:5
	android:launchMode
		ADDED from AndroidManifest.xml:187:15
	android:configChanges
		ADDED from AndroidManifest.xml:188:15
	android:theme
		ADDED from AndroidManifest.xml:186:15
	android:name
		ADDED from AndroidManifest.xml:185:15
activity#org.thoughtcrime.securesms.DatabaseUpgradeActivity
ADDED from AndroidManifest.xml:190:5
	android:launchMode
		ADDED from AndroidManifest.xml:192:15
	android:configChanges
		ADDED from AndroidManifest.xml:193:15
	android:theme
		ADDED from AndroidManifest.xml:191:15
	android:name
		ADDED from AndroidManifest.xml:190:15
activity#org.thoughtcrime.securesms.PassphraseCreateActivity
ADDED from AndroidManifest.xml:195:5
	android:label
		ADDED from AndroidManifest.xml:196:15
	android:launchMode
		ADDED from AndroidManifest.xml:199:15
	android:windowSoftInputMode
		ADDED from AndroidManifest.xml:197:15
	android:configChanges
		ADDED from AndroidManifest.xml:200:15
	android:theme
		ADDED from AndroidManifest.xml:198:15
	android:name
		ADDED from AndroidManifest.xml:195:15
activity#org.thoughtcrime.securesms.PassphrasePromptActivity
ADDED from AndroidManifest.xml:202:5
	android:label
		ADDED from AndroidManifest.xml:203:15
	android:launchMode
		ADDED from AndroidManifest.xml:204:15
	android:windowSoftInputMode
		ADDED from AndroidManifest.xml:206:15
	android:configChanges
		ADDED from AndroidManifest.xml:207:15
	android:theme
		ADDED from AndroidManifest.xml:205:15
	android:name
		ADDED from AndroidManifest.xml:202:15
activity#org.thoughtcrime.securesms.NewConversationActivity
ADDED from AndroidManifest.xml:209:5
	android:configChanges
		ADDED from AndroidManifest.xml:211:15
	android:theme
		ADDED from AndroidManifest.xml:210:15
	android:name
		ADDED from AndroidManifest.xml:209:15
activity#org.thoughtcrime.securesms.PushContactSelectionActivity
ADDED from AndroidManifest.xml:213:5
	android:label
		ADDED from AndroidManifest.xml:214:11
	android:windowSoftInputMode
		ADDED from AndroidManifest.xml:215:11
	android:configChanges
		ADDED from AndroidManifest.xml:216:11
	android:name
		ADDED from AndroidManifest.xml:213:15
activity#org.thoughtcrime.securesms.ViewIdentityActivity
ADDED from AndroidManifest.xml:218:5
	android:label
		ADDED from AndroidManifest.xml:219:15
	android:configChanges
		ADDED from AndroidManifest.xml:220:15
	android:name
		ADDED from AndroidManifest.xml:218:15
activity#org.thoughtcrime.securesms.ViewLocalIdentityActivity
ADDED from AndroidManifest.xml:222:5
	android:configChanges
		ADDED from AndroidManifest.xml:223:15
	android:name
		ADDED from AndroidManifest.xml:222:15
activity#org.thoughtcrime.securesms.PassphraseChangeActivity
ADDED from AndroidManifest.xml:225:5
	android:label
		ADDED from AndroidManifest.xml:226:15
	android:configChanges
		ADDED from AndroidManifest.xml:227:15
	android:name
		ADDED from AndroidManifest.xml:225:15
activity#org.thoughtcrime.securesms.VerifyIdentityActivity
ADDED from AndroidManifest.xml:229:5
	android:label
		ADDED from AndroidManifest.xml:230:15
	android:configChanges
		ADDED from AndroidManifest.xml:231:15
	android:name
		ADDED from AndroidManifest.xml:229:15
activity#org.thoughtcrime.securesms.ApplicationPreferencesActivity
ADDED from AndroidManifest.xml:233:5
	android:configChanges
		ADDED from AndroidManifest.xml:234:15
	android:name
		ADDED from AndroidManifest.xml:233:15
activity#org.thoughtcrime.securesms.RegistrationActivity
ADDED from AndroidManifest.xml:236:5
	android:windowSoftInputMode
		ADDED from AndroidManifest.xml:237:15
	android:configChanges
		ADDED from AndroidManifest.xml:238:15
	android:name
		ADDED from AndroidManifest.xml:236:15
activity#org.thoughtcrime.securesms.RegistrationProgressActivity
ADDED from AndroidManifest.xml:240:5
	android:configChanges
		ADDED from AndroidManifest.xml:241:15
	android:name
		ADDED from AndroidManifest.xml:240:15
activity#org.thoughtcrime.securesms.DeviceListActivity
ADDED from AndroidManifest.xml:243:6
	android:label
		ADDED from AndroidManifest.xml:244:16
	android:configChanges
		ADDED from AndroidManifest.xml:245:16
	android:name
		ADDED from AndroidManifest.xml:243:16
activity#org.thoughtcrime.securesms.LogSubmitActivity
ADDED from AndroidManifest.xml:247:5
	android:label
		ADDED from AndroidManifest.xml:248:15
	android:windowSoftInputMode
		ADDED from AndroidManifest.xml:249:15
	android:configChanges
		ADDED from AndroidManifest.xml:250:15
	android:name
		ADDED from AndroidManifest.xml:247:15
activity#org.thoughtcrime.securesms.MediaPreviewActivity
ADDED from AndroidManifest.xml:252:5
	android:label
		ADDED from AndroidManifest.xml:253:15
	android:launchMode
		ADDED from AndroidManifest.xml:255:15
	android:windowSoftInputMode
		ADDED from AndroidManifest.xml:254:15
	android:configChanges
		ADDED from AndroidManifest.xml:256:15
	android:name
		ADDED from AndroidManifest.xml:252:15
activity#org.thoughtcrime.securesms.MediaOverviewActivity
ADDED from AndroidManifest.xml:258:5
	android:windowSoftInputMode
		ADDED from AndroidManifest.xml:259:15
	android:configChanges
		ADDED from AndroidManifest.xml:260:15
	android:name
		ADDED from AndroidManifest.xml:258:15
activity#org.thoughtcrime.securesms.DummyActivity
ADDED from AndroidManifest.xml:262:5
	android:clearTaskOnLaunch
		ADDED from AndroidManifest.xml:270:15
	android:enabled
		ADDED from AndroidManifest.xml:264:15
	android:stateNotNeeded
		ADDED from AndroidManifest.xml:269:15
	android:excludeFromRecents
		ADDED from AndroidManifest.xml:267:15
	android:noHistory
		ADDED from AndroidManifest.xml:266:15
	android:allowTaskReparenting
		ADDED from AndroidManifest.xml:265:15
	android:alwaysRetainTaskState
		ADDED from AndroidManifest.xml:268:15
	android:finishOnTaskLaunch
		ADDED from AndroidManifest.xml:271:15
	android:theme
		ADDED from AndroidManifest.xml:263:15
	android:name
		ADDED from AndroidManifest.xml:262:15
activity#org.thoughtcrime.securesms.PlayServicesProblemActivity
ADDED from AndroidManifest.xml:273:5
	android:configChanges
		ADDED from AndroidManifest.xml:275:15
	android:theme
		ADDED from AndroidManifest.xml:274:15
	android:name
		ADDED from AndroidManifest.xml:273:15
activity#org.thoughtcrime.securesms.SmsSendtoActivity
ADDED from AndroidManifest.xml:277:5
	android:name
		ADDED from AndroidManifest.xml:277:15
intent-filter#android.intent.action.SENDTO+android.intent.action.VIEW+android.intent.category.BROWSABLE+android.intent.category.DEFAULT
ADDED from AndroidManifest.xml:278:9
action#android.intent.action.SENDTO
ADDED from AndroidManifest.xml:279:13
	android:name
		ADDED from AndroidManifest.xml:279:21
intent-filter#android.intent.action.VIEW+android.intent.category.DEFAULT
ADDED from AndroidManifest.xml:288:9
activity#org.thoughtcrime.securesms.RecipientPreferenceActivity
ADDED from AndroidManifest.xml:295:5
	android:configChanges
		ADDED from AndroidManifest.xml:297:15
	android:theme
		ADDED from AndroidManifest.xml:296:15
	android:name
		ADDED from AndroidManifest.xml:295:15
activity#org.thoughtcrime.securesms.BlockedContactsActivity
ADDED from AndroidManifest.xml:299:5
	android:configChanges
		ADDED from AndroidManifest.xml:301:15
	android:theme
		ADDED from AndroidManifest.xml:300:15
	android:name
		ADDED from AndroidManifest.xml:299:15
activity#com.soundcloud.android.crop.CropImageActivity
ADDED from AndroidManifest.xml:303:5
	android:name
		ADDED from AndroidManifest.xml:303:15
service#org.thoughtcrime.securesms.service.ApplicationMigrationService
ADDED from AndroidManifest.xml:305:5
	android:enabled
		ADDED from AndroidManifest.xml:305:14
	android:name
		ADDED from AndroidManifest.xml:305:37
service#org.thoughtcrime.securesms.service.KeyCachingService
ADDED from AndroidManifest.xml:306:5
	android:enabled
		ADDED from AndroidManifest.xml:306:14
	android:name
		ADDED from AndroidManifest.xml:306:37
service#org.thoughtcrime.securesms.service.RegistrationService
ADDED from AndroidManifest.xml:307:5
	android:enabled
		ADDED from AndroidManifest.xml:307:14
	android:name
		ADDED from AndroidManifest.xml:307:37
service#org.thoughtcrime.securesms.service.MessageRetrievalService
ADDED from AndroidManifest.xml:308:5
	android:enabled
		ADDED from AndroidManifest.xml:308:14
	android:name
		ADDED from AndroidManifest.xml:308:37
service#org.thoughtcrime.securesms.service.QuickResponseService
ADDED from AndroidManifest.xml:310:5
	android:exported
		ADDED from AndroidManifest.xml:312:14
	android:permission
		ADDED from AndroidManifest.xml:311:14
	android:name
		ADDED from AndroidManifest.xml:310:14
intent-filter#android.intent.action.RESPOND_VIA_MESSAGE+android.intent.category.DEFAULT
ADDED from AndroidManifest.xml:313:9
action#android.intent.action.RESPOND_VIA_MESSAGE
ADDED from AndroidManifest.xml:314:13
	android:name
		ADDED from AndroidManifest.xml:314:21
service#org.thoughtcrime.securesms.service.AccountAuthenticatorService
ADDED from AndroidManifest.xml:323:5
	android:exported
		ADDED from AndroidManifest.xml:323:66
	android:name
		ADDED from AndroidManifest.xml:323:14
intent-filter#android.accounts.AccountAuthenticator
ADDED from AndroidManifest.xml:324:9
action#android.accounts.AccountAuthenticator
ADDED from AndroidManifest.xml:325:13
	android:name
		ADDED from AndroidManifest.xml:325:21
meta-data#android.accounts.AccountAuthenticator
ADDED from AndroidManifest.xml:327:9
	android:resource
		ADDED from AndroidManifest.xml:327:73
	android:name
		ADDED from AndroidManifest.xml:327:20
service#org.thoughtcrime.securesms.service.ContactsSyncAdapterService
ADDED from AndroidManifest.xml:330:5
	android:exported
		ADDED from AndroidManifest.xml:330:65
	android:name
		ADDED from AndroidManifest.xml:330:14
intent-filter#android.content.SyncAdapter
ADDED from AndroidManifest.xml:331:9
action#android.content.SyncAdapter
ADDED from AndroidManifest.xml:332:13
	android:name
		ADDED from AndroidManifest.xml:332:21
meta-data#android.content.SyncAdapter
ADDED from AndroidManifest.xml:334:9
	android:resource
		ADDED from AndroidManifest.xml:334:63
	android:name
		ADDED from AndroidManifest.xml:334:20
meta-data#android.provider.CONTACTS_STRUCTURE
ADDED from AndroidManifest.xml:335:9
	android:resource
		ADDED from AndroidManifest.xml:335:71
	android:name
		ADDED from AndroidManifest.xml:335:20
receiver#org.thoughtcrime.securesms.gcm.GcmBroadcastReceiver
ADDED from AndroidManifest.xml:338:5
	android:permission
		ADDED from AndroidManifest.xml:338:56
	android:name
		ADDED from AndroidManifest.xml:338:15
intent-filter#com.google.android.c2dm.intent.RECEIVE+org.thoughtcrime.securesms
ADDED from AndroidManifest.xml:339:9
action#com.google.android.c2dm.intent.RECEIVE
ADDED from AndroidManifest.xml:340:13
	android:name
		ADDED from AndroidManifest.xml:340:21
category#org.thoughtcrime.securesms